-----------ProgramStart----------- 
2020-12-25 15:25:47,964 [1] ERROR [(null)] - 获取设备的点出错！向占位程序传送了空的索引指针。 (异常来自 HRESULT:0x800706F4)
-----------ProgramStart----------- 
2020-12-25 15:29:03,962 [1] ERROR [(null)] - 拼接XML字符串出错！未将对象引用设置到对象的实例。
-----------ProgramStart----------- 
2020-12-25 21:08:45,646 [1] ERROR [(null)] - 拼接XML字符串出错！未将对象引用设置到对象的实例。
-----------ProgramStart----------- 
2020-12-25 21:10:59,776 [1] ERROR [(null)] - 读取配置档失败！未将对象引用设置到对象的实例。
-----------ProgramStart----------- 
2020-12-25 21:30:18,174 [1] ERROR [(null)] - 拼接XML字符串出错！未将对象引用设置到对象的实例。
-----------ProgramStart----------- 
2020-12-25 22:26:43,085 [1] ERROR [(null)] - 读取配置档失败！未将对象引用设置到对象的实例。
-----------ProgramStart----------- 
2020-12-25 22:28:15,299 [1] ERROR [(null)] - 读取配置档失败！未将对象引用设置到对象的实例。
-----------ProgramStart----------- 
2020-12-25 22:42:33,364 [1] ERROR [(null)] - 读取配置档失败！未将对象引用设置到对象的实例。
-----------ProgramStart----------- 
2020-12-25 22:44:51,158 [1] ERROR [(null)] - 读取配置档失败！已添加了具有相同键的项。
-----------ProgramStart----------- 
2020-12-25 23:02:36,777 [1] ERROR [(null)] - 读取配置档失败！未将对象引用设置到对象的实例。
-----------ProgramStart----------- 
2020-12-25 23:04:24,977 [1] ERROR [(null)] - 读取配置档失败！未将对象引用设置到对象的实例。
-----------ProgramStart----------- 
2020-12-25 23:04:35,431 [1] ERROR [(null)] - 读取配置档失败！未将对象引用设置到对象的实例。
-----------ProgramStart----------- 
2020-12-25 23:06:03,069 [1] ERROR [(null)] - 读取配置档失败！未将对象引用设置到对象的实例。
-----------ProgramStart----------- 
2020-12-25 23:26:19,306 [1] ERROR [(null)] - 读取配置档失败！未将对象引用设置到对象的实例。
-----------ProgramStart----------- 
2020-12-25 23:29:25,563 [1] ERROR [(null)] - 读取配置档失败！已添加了具有相同键的项。
2020-12-25 23:29:49,581 [1] ERROR [(null)] - 获取设备的点出错！向占位程序传送了空的索引指针。 (异常来自 HRESULT:0x800706F4)
-----------ProgramStart----------- 
2020-12-25 23:30:56,142 [1] ERROR [(null)] - 读取配置档失败！未将对象引用设置到对象的实例。
-----------ProgramStart----------- 
2020-12-25 23:31:31,880 [1] ERROR [(null)] - 读取配置档失败！未将对象引用设置到对象的实例。
